<?xml version="1.0" encoding="UTF-8"?>
<!-- Generated by org.testng.reporters.JUnitReportReporter -->
<testsuite name="com.test.auto.uiAuto.TC_001_LoginToApplication" tests="1" time="12.965" ignored="0" failures="0" timestamp="23 Apr 2018 14:38:10 GMT" skipped="0" hostname="Swat" errors="0">
  <testcase name="start_test" time="12.965" classname="com.test.auto.uiAuto.TC_001_LoginToApplication"/>
</testsuite> <!-- com.test.auto.uiAuto.TC_001_LoginToApplication -->
